<?xml version="1.0" encoding="UTF-8"?>
<!-- Generated by org.testng.reporters.JUnitReportReporter -->
<testsuite skipped="0" hostname="QAP12-PC" name="sony12.sony1234" tests="2" failures="0" timestamp="01 Mar 2019 06:45:36 GMT" time="0.019" errors="0">
  <testcase name="method3" time="0.017" classname="sony12.sony1234"/>
  <testcase name="method4" time="0.002" classname="sony12.sony1234"/>
</testsuite> <!-- sony12.sony1234 -->
